Chatting/app/build/intermediates/manifest_merge_blame_file/release/manifest-merger-blame-release-report.txt
1<?xml version="1.0" encoding="utf-8"?>
2<manifest xmlns:android="http://schemas.android.com/apk/res/android"
3    package="com.example.datvtd.chatting"
4    android:versionCode="1"
5    android:versionName="1.0" >
6
7    <uses-sdk
8        android:minSdkVersion="23"
8-->src/main/AndroidManifest.xml
9        android:targetSdkVersion="28" />
9-->src/main/AndroidManifest.xml
10
11    <uses-permission android:name="android.permission.INTERNET" />
11-->src/main/AndroidManifest.xml:5:5-67
11-->src/main/AndroidManifest.xml:5:22-64
12    <uses-permission android:name="android.permission.RECEIVE_BOOT_COMPLETED" />
12-->src/main/AndroidManifest.xml:6:5-81
12-->src/main/AndroidManifest.xml:6:22-78
13    <uses-permission android:name="android.permission.WRITE_EXTERNAL_STORAGE" />
13-->src/main/AndroidManifest.xml:7:5-81
13-->src/main/AndroidManifest.xml:7:22-78
14    <uses-permission android:name="android.permission.READ_EXTERNAL_STORAGE" />
14-->src/main/AndroidManifest.xml:8:5-80
14-->src/main/AndroidManifest.xml:8:22-77
15    <uses-permission android:name="android.permission.ACCESS_NETWORK_STATE" />
15-->src/main/AndroidManifest.xml:9:5-79
15-->src/main/AndroidManifest.xml:9:22-76
16    <uses-permission android:name="android.permission.RECORD_AUDIO" />
16-->src/main/AndroidManifest.xml:10:5-71
16-->src/main/AndroidManifest.xml:10:22-68
17    <uses-permission android:name="android.permission.READ_PHONE_STATE" />
17-->src/main/AndroidManifest.xml:11:5-75
17-->src/main/AndroidManifest.xml:11:22-72
18    <uses-permission android:name="android.permission.MODIFY_AUDIO_SETTINGS" />
18-->src/main/AndroidManifest.xml:12:5-80
18-->src/main/AndroidManifest.xml:12:22-77
19    <uses-permission android:name="android.permission.RECEIVE_SMS" />
19-->src/main/AndroidManifest.xml:13:5-70
19-->src/main/AndroidManifest.xml:13:22-67
20    <uses-permission android:name="android.permission.WAKE_LOCK" />
20-->[com.google.firebase:firebase-measurement-connector-impl:16.0.1] AndroidManifest.xml:24:5-68
20-->[com.google.firebase:firebase-measurement-connector-impl:16.0.1] AndroidManifest.xml:24:22-65
21    <uses-permission android:name="com.google.android.finsky.permission.BIND_GET_INSTALL_REFERRER_SERVICE" /> <!-- Required by older versions of Google Play services to create IID tokens -->
21-->[com.google.firebase:firebase-analytics:16.0.1] AndroidManifest.xml:26:5-110
21-->[com.google.firebase:firebase-analytics:16.0.1] AndroidManifest.xml:26:22-107
22    <uses-permission android:name="com.google.android.c2dm.permission.RECEIVE" />
22-->[com.google.firebase:firebase-iid:17.0.1] AndroidManifest.xml:26:5-82
22-->[com.google.firebase:firebase-iid:17.0.1] AndroidManifest.xml:26:22-79
23
24    <application
24-->src/main/AndroidManifest.xml:15:5-97:19
25        android:allowBackup="true"
25-->src/main/AndroidManifest.xml:16:9-35
26        android:appComponentFactory="android.support.v4.app.CoreComponentFactory"
26-->[com.android.support:support-compat:28.0.0] AndroidManifest.xml:22:18-91
27        android:icon="@mipmap/ic_launcher"
27-->src/main/AndroidManifest.xml:17:9-43
28        android:label="Chat"
28-->src/main/AndroidManifest.xml:18:9-29
29        android:roundIcon="@mipmap/ic_launcher_round"
29-->src/main/AndroidManifest.xml:19:9-54
30        android:supportsRtl="true"
30-->src/main/AndroidManifest.xml:20:9-35
31        android:testOnly="true"
32        android:theme="@style/AppTheme" >
32-->src/main/AndroidManifest.xml:21:9-40
33        <activity
33-->src/main/AndroidManifest.xml:22:9-30:20
34            android:name="com.example.datvtd.chatting.SplashScreenActivity"
34-->src/main/AndroidManifest.xml:23:13-49
35            android:theme="@style/SplashTheme" >
35-->src/main/AndroidManifest.xml:24:13-47
36            <intent-filter>
36-->src/main/AndroidManifest.xml:25:13-29:29
37                <action android:name="android.intent.action.MAIN" />
37-->src/main/AndroidManifest.xml:26:17-69
37-->src/main/AndroidManifest.xml:26:25-66
38
39                <category android:name="android.intent.category.LAUNCHER" />
39-->src/main/AndroidManifest.xml:28:17-77
39-->src/main/AndroidManifest.xml:28:27-74
40            </intent-filter>
41        </activity>
42        <activity android:name="com.example.datvtd.chatting.InfoGroupActivity" />
42-->src/main/AndroidManifest.xml:31:9-55
42-->src/main/AndroidManifest.xml:31:19-52
43        <activity
43-->src/main/AndroidManifest.xml:32:9-34:49
44            android:name="com.example.datvtd.chatting.LoginActivity"
44-->src/main/AndroidManifest.xml:33:13-42
45            android:theme="@style/ThemeLogin" />
45-->src/main/AndroidManifest.xml:34:13-46
46        <activity android:name="com.example.datvtd.chatting.MainActivity" />
46-->src/main/AndroidManifest.xml:36:9-50
46-->src/main/AndroidManifest.xml:36:19-47
47        <activity android:name="com.example.datvtd.chatting.RegisterActivity" />
47-->src/main/AndroidManifest.xml:37:9-54
47-->src/main/AndroidManifest.xml:37:19-51
48        <activity
48-->src/main/AndroidManifest.xml:38:9-40:58
49            android:name="com.example.datvtd.chatting.MessageActivity"
49-->src/main/AndroidManifest.xml:39:13-44
50            android:parentActivityName="com.example.datvtd.chatting.MainActivity" />
50-->src/main/AndroidManifest.xml:40:13-55
51        <activity
51-->src/main/AndroidManifest.xml:41:9-44:48
52            android:name="com.example.datvtd.chatting.ResetPassActivity"
52-->src/main/AndroidManifest.xml:42:13-46
53            android:parentActivityName="com.example.datvtd.chatting.LoginActivity"
53-->src/main/AndroidManifest.xml:43:13-56
54            android:theme="@style/ThemeLogin" />
54-->src/main/AndroidManifest.xml:44:13-46
55        <activity android:name="com.example.datvtd.chatting.Adapter.ChatImageActivity" />
55-->src/main/AndroidManifest.xml:45:9-63
55-->src/main/AndroidManifest.xml:45:19-60
56        <activity android:name="com.example.datvtd.chatting.ProfileActivity" />
56-->src/main/AndroidManifest.xml:46:9-53
56-->src/main/AndroidManifest.xml:46:19-50
57        <activity
57-->src/main/AndroidManifest.xml:47:9-49:53
58            android:name="com.example.datvtd.chatting.UserGroupActivity"
58-->src/main/AndroidManifest.xml:48:13-46
59            android:theme="@style/Theme.MyDialog" />
59-->src/main/AndroidManifest.xml:49:13-50
60        <activity
60-->src/main/AndroidManifest.xml:50:9-52:53
61            android:name="com.example.datvtd.chatting.DialogConfirmActivity"
61-->src/main/AndroidManifest.xml:51:13-50
62            android:theme="@style/Theme.MyDialog" />
62-->src/main/AndroidManifest.xml:52:13-50
63        <activity
63-->src/main/AndroidManifest.xml:53:9-55:53
64            android:name="com.example.datvtd.chatting.DialogColorActivity"
64-->src/main/AndroidManifest.xml:54:13-48
65            android:theme="@style/Theme.MyDialog" />
65-->src/main/AndroidManifest.xml:55:13-50
66
67        <service
67-->src/main/AndroidManifest.xml:57:9-64:19
68            android:name="com.example.datvtd.chatting.Notifications.MyFirebaseService"
68-->src/main/AndroidManifest.xml:58:13-60
69            android:enabled="true"
69-->src/main/AndroidManifest.xml:59:13-35
70            android:exported="true" >
70-->src/main/AndroidManifest.xml:60:13-36
71            <intent-filter>
71-->src/main/AndroidManifest.xml:61:13-63:29
72                <action android:name="com.google.firebase.INSTANCE_ID_EVENT" />
72-->src/main/AndroidManifest.xml:62:17-80
72-->src/main/AndroidManifest.xml:62:25-77
73            </intent-filter>
74        </service>
75        <service
75-->src/main/AndroidManifest.xml:65:9-72:19
76            android:name="com.example.datvtd.chatting.Notifications.MyFirebaseMessaging"
76-->src/main/AndroidManifest.xml:66:13-62
77            android:enabled="true"
77-->src/main/AndroidManifest.xml:67:13-35
78            android:exported="true" >
78-->src/main/AndroidManifest.xml:68:13-36
79            <intent-filter>
79-->src/main/AndroidManifest.xml:69:13-71:29
80                <action android:name="com.google.firebase.MESSAGING_EVENT" />
80-->src/main/AndroidManifest.xml:70:17-78
80-->src/main/AndroidManifest.xml:70:25-75
81            </intent-filter>
82        </service>
83
84        <receiver android:name="com.example.datvtd.chatting.Notifications.ActionCall" />
84-->src/main/AndroidManifest.xml:74:9-62
84-->src/main/AndroidManifest.xml:74:19-59
85
86        <meta-data
86-->src/main/AndroidManifest.xml:76:9-78:55
87            android:name="com.facebook.sdk.ApplicationId"
87-->src/main/AndroidManifest.xml:77:13-58
88            android:value="@string/facebook_app_id" />
88-->src/main/AndroidManifest.xml:78:13-52
89
90        <activity
90-->src/main/AndroidManifest.xml:80:9-83:48
91            android:name="com.facebook.FacebookActivity"
91-->src/main/AndroidManifest.xml:81:13-57
92            android:configChanges="keyboard|keyboardHidden|screenLayout|screenSize|orientation"
92-->src/main/AndroidManifest.xml:82:13-96
93            android:label="@string/app_name"
93-->src/main/AndroidManifest.xml:83:13-45
94            android:theme="@style/com_facebook_activity_theme" />
94-->[com.facebook.android:facebook-common:4.42.0] AndroidManifest.xml:32:13-63
95        <activity
95-->src/main/AndroidManifest.xml:84:9-95:20
96            android:name="com.facebook.CustomTabActivity"
96-->src/main/AndroidManifest.xml:85:13-58
97            android:exported="true" >
97-->src/main/AndroidManifest.xml:86:13-36
98            <intent-filter>
98-->src/main/AndroidManifest.xml:87:13-94:29
99                <action android:name="android.intent.action.VIEW" />
99-->src/main/AndroidManifest.xml:88:17-69
99-->src/main/AndroidManifest.xml:88:25-66
100
101                <category android:name="android.intent.category.DEFAULT" />
101-->src/main/AndroidManifest.xml:90:17-76
101-->src/main/AndroidManifest.xml:90:27-73
102                <category android:name="android.intent.category.BROWSABLE" />
102-->src/main/AndroidManifest.xml:91:17-78
102-->src/main/AndroidManifest.xml:91:27-75
103
104                <data android:scheme="@string/fb_login_protocol_scheme" />
104-->src/main/AndroidManifest.xml:93:17-75
104-->src/main/AndroidManifest.xml:93:23-72
105            </intent-filter>
106        </activity>
107        <activity android:name="com.example.datvtd.chatting.CallActivity" />
107-->src/main/AndroidManifest.xml:96:9-50
107-->src/main/AndroidManifest.xml:96:19-47
108        <activity android:name="com.facebook.CustomTabMainActivity" />
108-->[com.facebook.android:facebook-common:4.42.0] AndroidManifest.xml:33:9-71
108-->[com.facebook.android:facebook-common:4.42.0] AndroidManifest.xml:33:19-68
109        <activity
109-->[com.google.firebase:firebase-auth:16.0.2] AndroidManifest.xml:23:9-29:75
110            android:name="com.google.firebase.auth.internal.FederatedSignInActivity"
110-->[com.google.firebase:firebase-auth:16.0.2] AndroidManifest.xml:24:13-85
111            android:excludeFromRecents="true"
111-->[com.google.firebase:firebase-auth:16.0.2] AndroidManifest.xml:25:13-46
112            android:exported="true"
112-->[com.google.firebase:firebase-auth:16.0.2] AndroidManifest.xml:26:13-36
113            android:launchMode="singleInstance"
113-->[com.google.firebase:firebase-auth:16.0.2] AndroidManifest.xml:27:13-48
114            android:permission="com.google.firebase.auth.api.gms.permission.LAUNCH_FEDERATED_SIGN_IN"
114-->[com.google.firebase:firebase-auth:16.0.2] AndroidManifest.xml:28:13-102
115            android:theme="@android:style/Theme.Translucent.NoTitleBar" />
115-->[com.google.firebase:firebase-auth:16.0.2] AndroidManifest.xml:29:13-72
116
117        <service
117-->[com.google.firebase:firebase-auth:16.0.2] AndroidManifest.xml:31:9-35:19
118            android:name="com.google.firebase.components.ComponentDiscoveryService"
118-->[com.google.firebase:firebase-auth:16.0.2] AndroidManifest.xml:31:18-89
119            android:exported="false" >
119-->[com.google.firebase:firebase-iid:17.0.1] AndroidManifest.xml:31:13-37
120            <meta-data
120-->[com.google.firebase:firebase-auth:16.0.2] AndroidManifest.xml:32:13-34:85
121                android:name="com.google.firebase.components:com.google.firebase.auth.FirebaseAuthRegistrar"
121-->[com.google.firebase:firebase-auth:16.0.2] AndroidManifest.xml:33:17-109
122                android:value="com.google.firebase.components.ComponentRegistrar" />
122-->[com.google.firebase:firebase-auth:16.0.2] AndroidManifest.xml:34:17-82
123            <meta-data
123-->[com.google.firebase:firebase-measurement-connector-impl:16.0.1] AndroidManifest.xml:28:13-30:85
124                android:name="com.google.firebase.components:com.google.firebase.analytics.connector.internal.AnalyticsConnectorRegistrar"
124-->[com.google.firebase:firebase-measurement-connector-impl:16.0.1] AndroidManifest.xml:29:17-139
125                android:value="com.google.firebase.components.ComponentRegistrar" />
125-->[com.google.firebase:firebase-measurement-connector-impl:16.0.1] AndroidManifest.xml:30:17-82
126            <meta-data
126-->[com.google.firebase:firebase-iid:17.0.1] AndroidManifest.xml:32:13-34:85
127                android:name="com.google.firebase.components:com.google.firebase.iid.Registrar"
127-->[com.google.firebase:firebase-iid:17.0.1] AndroidManifest.xml:33:17-96
128                android:value="com.google.firebase.components.ComponentRegistrar" />
128-->[com.google.firebase:firebase-iid:17.0.1] AndroidManifest.xml:34:17-82
129        </service>
130        <!--
131             FirebaseMessagingService performs security checks at runtime,
132             no need for explicit permissions despite exported="true"
133        -->
134        <service
134-->[com.google.firebase:firebase-messaging:17.3.1] AndroidManifest.xml:28:9-34:19
135            android:name="com.google.firebase.messaging.FirebaseMessagingService"
135-->[com.google.firebase:firebase-messaging:17.3.1] AndroidManifest.xml:29:13-82
136            android:exported="true" >
136-->[com.google.firebase:firebase-messaging:17.3.1] AndroidManifest.xml:30:13-36
137            <intent-filter android:priority="-500" >
137-->src/main/AndroidManifest.xml:69:13-71:29
138                <action android:name="com.google.firebase.MESSAGING_EVENT" />
138-->src/main/AndroidManifest.xml:70:17-78
138-->src/main/AndroidManifest.xml:70:25-75
139            </intent-filter>
140        </service>
141
142        <receiver
142-->[com.google.firebase:firebase-analytics:16.0.1] AndroidManifest.xml:29:9-33:20
143            android:name="com.google.android.gms.measurement.AppMeasurementReceiver"
143-->[com.google.firebase:firebase-analytics:16.0.1] AndroidManifest.xml:30:13-85
144            android:enabled="true"
144-->[com.google.firebase:firebase-analytics:16.0.1] AndroidManifest.xml:31:13-35
145            android:exported="false" >
145-->[com.google.firebase:firebase-analytics:16.0.1] AndroidManifest.xml:32:13-37
146        </receiver>
147        <receiver
147-->[com.google.firebase:firebase-analytics:16.0.1] AndroidManifest.xml:34:9-42:20
148            android:name="com.google.android.gms.measurement.AppMeasurementInstallReferrerReceiver"
148-->[com.google.firebase:firebase-analytics:16.0.1] AndroidManifest.xml:35:13-100
149            android:enabled="true"
149-->[com.google.firebase:firebase-analytics:16.0.1] AndroidManifest.xml:36:13-35
150            android:exported="true"
150-->[com.google.firebase:firebase-analytics:16.0.1] AndroidManifest.xml:37:13-36
151            android:permission="android.permission.INSTALL_PACKAGES" >
151-->[com.google.firebase:firebase-analytics:16.0.1] AndroidManifest.xml:38:13-69
152            <intent-filter>
152-->[com.google.firebase:firebase-analytics:16.0.1] AndroidManifest.xml:39:13-41:29
153                <action android:name="com.android.vending.INSTALL_REFERRER" />
153-->[com.google.firebase:firebase-analytics:16.0.1] AndroidManifest.xml:40:17-79
153-->[com.google.firebase:firebase-analytics:16.0.1] AndroidManifest.xml:40:25-76
154            </intent-filter>
155        </receiver>
156
157        <service
157-->[com.google.firebase:firebase-analytics:16.0.1] AndroidManifest.xml:44:9-47:40
158            android:name="com.google.android.gms.measurement.AppMeasurementService"
158-->[com.google.firebase:firebase-analytics:16.0.1] AndroidManifest.xml:45:13-84
159            android:enabled="true"
159-->[com.google.firebase:firebase-analytics:16.0.1] AndroidManifest.xml:46:13-35
160            android:exported="false" />
160-->[com.google.firebase:firebase-analytics:16.0.1] AndroidManifest.xml:47:13-37
161        <service
161-->[com.google.firebase:firebase-analytics:16.0.1] AndroidManifest.xml:48:9-52:72
162            android:name="com.google.android.gms.measurement.AppMeasurementJobService"
162-->[com.google.firebase:firebase-analytics:16.0.1] AndroidManifest.xml:49:13-87
163            android:enabled="true"
163-->[com.google.firebase:firebase-analytics:16.0.1] AndroidManifest.xml:50:13-35
164            android:exported="false"
164-->[com.google.firebase:firebase-analytics:16.0.1] AndroidManifest.xml:51:13-37
165            android:permission="android.permission.BIND_JOB_SERVICE" />
165-->[com.google.firebase:firebase-analytics:16.0.1] AndroidManifest.xml:52:13-69
166
167        <receiver
167-->[com.google.firebase:firebase-iid:17.0.1] AndroidManifest.xml:37:9-44:20
168            android:name="com.google.firebase.iid.FirebaseInstanceIdReceiver"
168-->[com.google.firebase:firebase-iid:17.0.1] AndroidManifest.xml:38:13-78
169            android:exported="true"
169-->[com.google.firebase:firebase-iid:17.0.1] AndroidManifest.xml:39:13-36
170            android:permission="com.google.android.c2dm.permission.SEND" >
170-->[com.google.firebase:firebase-iid:17.0.1] AndroidManifest.xml:40:13-73
171            <intent-filter>
171-->[com.google.firebase:firebase-iid:17.0.1] AndroidManifest.xml:41:13-43:29
172                <action android:name="com.google.android.c2dm.intent.RECEIVE" />
172-->[com.google.firebase:firebase-iid:17.0.1] AndroidManifest.xml:42:17-81
172-->[com.google.firebase:firebase-iid:17.0.1] AndroidManifest.xml:42:25-78
173            </intent-filter>
174        </receiver>
175        <!--
176             FirebaseInstanceIdService performs security checks at runtime,
177             no need for explicit permissions despite exported="true"
178        -->
179        <service
179-->[com.google.firebase:firebase-iid:17.0.1] AndroidManifest.xml:50:9-56:19
180            android:name="com.google.firebase.iid.FirebaseInstanceIdService"
180-->[com.google.firebase:firebase-iid:17.0.1] AndroidManifest.xml:51:13-77
181            android:exported="true" >
181-->[com.google.firebase:firebase-iid:17.0.1] AndroidManifest.xml:52:13-36
182            <intent-filter android:priority="-500" >
182-->src/main/AndroidManifest.xml:61:13-63:29
183                <action android:name="com.google.firebase.INSTANCE_ID_EVENT" />
183-->src/main/AndroidManifest.xml:62:17-80
183-->src/main/AndroidManifest.xml:62:25-77
184            </intent-filter>
185        </service>
186
187        <activity
187-->[com.google.android.gms:play-services-base:15.0.1] AndroidManifest.xml:23:9-26:75
188            android:name="com.google.android.gms.common.api.GoogleApiActivity"
188-->[com.google.android.gms:play-services-base:15.0.1] AndroidManifest.xml:24:13-79
189            android:exported="false"
189-->[com.google.android.gms:play-services-base:15.0.1] AndroidManifest.xml:25:13-37
190            android:theme="@android:style/Theme.Translucent.NoTitleBar" />
190-->[com.google.android.gms:play-services-base:15.0.1] AndroidManifest.xml:26:13-72
191
192        <provider
192-->[com.google.firebase:firebase-common:16.0.1] AndroidManifest.xml:10:9-14:39
193            android:name="com.google.firebase.provider.FirebaseInitProvider"
193-->[com.google.firebase:firebase-common:16.0.1] AndroidManifest.xml:11:13-77
194            android:authorities="com.example.datvtd.chatting.firebaseinitprovider"
194-->[com.google.firebase:firebase-common:16.0.1] AndroidManifest.xml:12:13-72
195            android:exported="false"
195-->[com.google.firebase:firebase-common:16.0.1] AndroidManifest.xml:13:13-37
196            android:initOrder="100" />
196-->[com.google.firebase:firebase-common:16.0.1] AndroidManifest.xml:14:13-36
197
198        <meta-data
198-->[com.google.android.gms:play-services-basement:15.0.1] AndroidManifest.xml:23:9-25:69
199            android:name="com.google.android.gms.version"
199-->[com.google.android.gms:play-services-basement:15.0.1] AndroidManifest.xml:24:13-58
200            android:value="@integer/google_play_services_version" />
200-->[com.google.android.gms:play-services-basement:15.0.1] AndroidManifest.xml:25:13-66
201        <!--
202         The initialization ContentProvider will call FacebookSdk.sdkInitialize automatically
203         with the application context. This config is merged in with the host app's manifest,
204         but there can only be one provider with the same authority activated at any given
205         point; so if the end user has two or more different apps that use Facebook SDK, only the
206         first one will be able to use the provider. To work around this problem, we use the
207         following placeholder in the authority to identify each host application as if it was
208         a completely different provider.
209        -->
210        <provider
210-->[com.facebook.android:facebook-core:4.42.0] AndroidManifest.xml:39:9-42:40
211            android:name="com.facebook.internal.FacebookInitProvider"
211-->[com.facebook.android:facebook-core:4.42.0] AndroidManifest.xml:40:13-70
212            android:authorities="com.example.datvtd.chatting.FacebookInitProvider"
212-->[com.facebook.android:facebook-core:4.42.0] AndroidManifest.xml:41:13-72
213            android:exported="false" />
213-->[com.facebook.android:facebook-core:4.42.0] AndroidManifest.xml:42:13-37
214
215        <receiver
215-->[com.facebook.android:facebook-core:4.42.0] AndroidManifest.xml:44:9-50:20
216            android:name="com.facebook.CurrentAccessTokenExpirationBroadcastReceiver"
216-->[com.facebook.android:facebook-core:4.42.0] AndroidManifest.xml:45:13-86
217            android:exported="false" >
217-->[com.facebook.android:facebook-core:4.42.0] AndroidManifest.xml:46:13-37
218            <intent-filter>
218-->[com.facebook.android:facebook-core:4.42.0] AndroidManifest.xml:47:13-49:29
219                <action android:name="com.facebook.sdk.ACTION_CURRENT_ACCESS_TOKEN_CHANGED" />
219-->[com.facebook.android:facebook-core:4.42.0] AndroidManifest.xml:48:17-95
219-->[com.facebook.android:facebook-core:4.42.0] AndroidManifest.xml:48:25-92
220            </intent-filter>
221        </receiver>
222
223        <service android:name="com.sinch.android.rtc.internal.client.fcm.InstanceIDTokenService" >
223-->[:sinch-android-rtc-3.12.9] AndroidManifest.xml:12:9-16:19
223-->[:sinch-android-rtc-3.12.9] AndroidManifest.xml:12:18-97
224            <intent-filter>
224-->src/main/AndroidManifest.xml:61:13-63:29
225                <action android:name="com.google.firebase.INSTANCE_ID_EVENT" />
225-->src/main/AndroidManifest.xml:62:17-80
225-->src/main/AndroidManifest.xml:62:25-77
226            </intent-filter>
227        </service>
228    </application>
229
230</manifest>